<?xml version="1.0" encoding="UTF-8"?>
<!-- Generated by org.testng.reporters.JUnitXMLReporter -->
<testsuite ignored="0" hostname="LAPTOP-NRT43TDF" failures="0" tests="2" name="Default test" time="14.808" errors="0" timestamp="2023-01-05T12:36:04 EST">
  <testcase classname="seleniumproject.ecommerceproject.ecommerceShopping" name="EcommerceShopping" time="4.347"/>
  <testcase classname="seleniumproject.ecommerceproject.ecommerceShopping" name="OrderHistory" time="0.876"/>
</testsuite> <!-- Default test -->
