<?xml version="1.0" encoding="UTF-8"?>
<!-- Generated by org.testng.reporters.JUnitXMLReporter -->
<testsuite ignored="0" hostname="LAPTOP-NRT43TDF" failures="0" tests="2" name="Ecommerce Shopping" time="14.925" errors="0" timestamp="2023-01-05T15:46:08 EST">
  <testcase classname="seleniumproject.ecommerceproject.ecommerceShopping" name="EcommerceShopping" time="4.991"/>
  <testcase classname="seleniumproject.ecommerceproject.ecommerceShopping" name="OrderHistory" time="0.966"/>
</testsuite> <!-- Ecommerce Shopping -->
